[debug] [2025-05-11T22:02:57.150Z] ----------------------------------------------------------------------
[debug] [2025-05-11T22:02:57.154Z] Command:       /nix/store/ixbb20farqh1f4fqbmsn6b1ixn8mc8ij-nodejs-20.18.1/bin/node /home/user/.global_modules/bin/firebase login
[debug] [2025-05-11T22:02:57.154Z] CLI Version:   14.3.1
[debug] [2025-05-11T22:02:57.155Z] Platform:      linux
[debug] [2025-05-11T22:02:57.155Z] Node Version:  v20.18.1
[debug] [2025-05-11T22:02:57.155Z] Time:          Sun May 11 2025 22:02:57 GMT+0000 (Coordinated Universal Time)
[debug] [2025-05-11T22:02:57.155Z] ----------------------------------------------------------------------
[debug] 
[debug] [2025-05-11T22:02:57.159Z] >>> [apiv2][query] GET https://firebase-public.firebaseio.com/cli.json [none]
[info] i  Firebase optionally collects CLI and Emulator Suite usage and error reporting information to help improve our products. Data is collected in accordance with Google's privacy policy (https://policies.google.com/privacy) and is not used to identify you.
 
[debug] [2025-05-11T22:02:57.428Z] <<< [apiv2][status] GET https://firebase-public.firebaseio.com/cli.json 200
[debug] [2025-05-11T22:02:57.429Z] <<< [apiv2][body] GET https://firebase-public.firebaseio.com/cli.json {"cloudBuildErrorAfter":1594252800000,"cloudBuildWarnAfter":1590019200000,"defaultNode10After":1594252800000,"minVersion":"3.0.5","node8DeploysDisabledAfter":1613390400000,"node8RuntimeDisabledAfter":1615809600000,"node8WarnAfter":1600128000000}
[debug] [2025-05-11T22:03:10.854Z] >>> [apiv2][query] POST https://auth.firebase.tools/attest [none]
[debug] [2025-05-11T22:03:10.855Z] >>> [apiv2][body] POST https://auth.firebase.tools/attest {"session_id":"6e7dc140-397b-4a55-9430-9338726685f1"}
[debug] [2025-05-11T22:03:11.162Z] <<< [apiv2][status] POST https://auth.firebase.tools/attest 200
[debug] [2025-05-11T22:03:11.162Z] <<< [apiv2][body] POST https://auth.firebase.tools/attest {"token":"QskN_kX03RsOm789tu1X_BRRHkPEb3hElQkIWUe6zH4"}
[info] 
[info] To sign in to the Firebase CLI:
[info] 
[info] 1. Take note of your session ID:
[info] 
[info]    6E7DC
[info] 
[info] 2. Visit the URL below on any device and follow the instructions to get your code:
[info] 
[info]    https://auth.firebase.tools/login?code_challenge=6STIinqRmjQht3ssSQEUIMtQyCaoqboWu65OpxWR3zI&session=6e7dc140-397b-4a55-9430-9338726685f1&attest=QskN_kX03RsOm789tu1X_BRRHkPEb3hElQkIWUe6zH4
[info] 
[info] 3. Paste or enter the authorization code below once you have it:
[info] 
[debug] [2025-05-11T22:03:37.053Z] ExitPromptError: User force closed the prompt with SIGINT
    at Interface.sigint (/home/user/.global_modules/lib/node_modules/firebase-tools/node_modules/@inquirer/core/dist/commonjs/lib/create-prompt.js:100:37)
    at Interface.emit (node:events:518:28)
    at Interface.emit (node:domain:489:12)
    at [_ttyWrite] [as _ttyWrite] (node:internal/readline/interface:1125:18)
    at ReadStream.onkeypress (node:internal/readline/interface:264:20)
    at ReadStream.emit (node:events:530:35)
    at ReadStream.emit (node:domain:489:12)
    at emitKeys (node:internal/readline/utils:371:14)
    at emitKeys.next (<anonymous>)
    at ReadStream.onData (node:internal/readline/emitKeypressEvents:64:36)
[error] 
[error] Error: An unexpected error has occurred.
